<?xml version="1.0" encoding="UTF-8"?>
<testng-results ignored="0" total="1" passed="1" failed="0" skipped="0">
  <reporter-output>
  </reporter-output>
  <suite started-at="2021-02-10T14:08:34 IST" name="Suite" finished-at="2021-02-10T14:09:16 IST" duration-ms="42420">
    <groups>
    </groups>
    <test started-at="2021-02-10T14:08:34 IST" name="Test" finished-at="2021-02-10T14:09:16 IST" duration-ms="42420">
      <class name="com.automation.tests.AddProductsToCartTest">
        <test-method is-config="true" signature="setup()[pri:0, instance:com.automation.tests.AddProductsToCartTest@2ddc8ecb]" started-at="2021-02-10T14:08:34 IST" name="setup" finished-at="2021-02-10T14:08:48 IST" duration-ms="14535" status="PASS">
          <reporter-output>
          </reporter-output>
        </test-method> <!-- setup -->
        <test-method signature="addProductsToCart()[pri:0, instance:com.automation.tests.AddProductsToCartTest@2ddc8ecb]" started-at="2021-02-10T14:08:48 IST" name="addProductsToCart" finished-at="2021-02-10T14:09:16 IST" duration-ms="27798" status="PASS">
          <reporter-output>
          </reporter-output>
        </test-method> <!-- addProductsToCart -->
      </class> <!-- com.automation.tests.AddProductsToCartTest -->
    </test> <!-- Test -->
  </suite> <!-- Suite -->
</testng-results>
